{"level":"error","message":"Error adding user: insert into `users` (`country`, `created_ad`, `first_name`, `is_bot`, `last_name`, `telegram_id`) values (NULL, '2024-07-10 15:37:13.904', 'Name', false, NULL, 6783594958) - SQLITE_ERROR: table users has no column named created_ad","service":"user-service","timestamp":"2024-07-10 15:37:13"}
{"level":"error","message":"Error adding user: insert into `users` (`country`, `created_ad`, `first_name`, `is_bot`, `last_name`, `telegram_id`) values (NULL, '2024-07-10 15:44:43.037', 'Name', false, NULL, 6783594958) - SQLITE_ERROR: table users has no column named created_ad","service":"user-service","timestamp":"2024-07-10 15:44:43"}
{"level":"error","message":"Error adding user: insert into `users` (`country`, `created_ad`, `first_name`, `is_bot`, `last_name`, `telegram_id`) values (NULL, '2024-07-11 09:39:38.033', 'Name', false, NULL, 6783594958) - SQLITE_ERROR: table users has no column named created_ad","service":"user-service","timestamp":"2024-07-11 09:39:38"}
{"level":"error","message":"Error adding user: insert into `users` (`country`, `created_ad`, `first_name`, `is_bot`, `last_name`, `telegram_id`) values (NULL, '2024-07-11 09:42:43.139', 'Name', false, NULL, 6783594958) - SQLITE_ERROR: table users has no column named created_ad","service":"user-service","timestamp":"2024-07-11 09:42:43"}
{"level":"error","message":"Localization file for en not found: C:\\Users\\Brissenden\\Documents\\programs and projects\\work projects\\bot\\locales\\en.json","service":"user-service","timestamp":"2024-07-19 13:19:57"}
{"level":"error","message":"Localization file for uk not found: C:\\Users\\Brissenden\\Documents\\programs and projects\\work projects\\bot\\locales\\uk.json","service":"user-service","timestamp":"2024-07-19 13:19:57"}
{"level":"error","message":"Localization file for az not found: C:\\Users\\Brissenden\\Documents\\programs and projects\\work projects\\bot\\locales\\az.json","service":"user-service","timestamp":"2024-07-19 13:19:57"}
{"level":"error","message":"Localization file for en not found: C:\\Users\\Brissenden\\Documents\\programs and projects\\work projects\\bot\\locales\\en.json","service":"user-service","timestamp":"2024-07-19 13:39:16"}
{"level":"error","message":"Localization file for uk not found: C:\\Users\\Brissenden\\Documents\\programs and projects\\work projects\\bot\\locales\\uk.json","service":"user-service","timestamp":"2024-07-19 13:39:16"}
{"level":"error","message":"Localization file for az not found: C:\\Users\\Brissenden\\Documents\\programs and projects\\work projects\\bot\\locales\\az.json","service":"user-service","timestamp":"2024-07-19 13:39:16"}
{"level":"error","message":"Localization file for ru not found: C:\\Users\\Brissenden\\Documents\\programs and projects\\work projects\\bot\\locales\\ru.json","service":"user-service","timestamp":"2024-07-19 13:39:16"}
{"level":"error","message":"Localization file for by not found: C:\\Users\\Brissenden\\Documents\\programs and projects\\work projects\\bot\\locales\\by.json","service":"user-service","timestamp":"2024-07-19 13:39:16"}
{"level":"error","message":"Localization file for kz not found: C:\\Users\\Brissenden\\Documents\\programs and projects\\work projects\\bot\\locales\\kz.json","service":"user-service","timestamp":"2024-07-19 13:39:16"}
{"level":"error","message":"Localization file for am not found: C:\\Users\\Brissenden\\Documents\\programs and projects\\work projects\\bot\\locales\\am.json","service":"user-service","timestamp":"2024-07-19 13:39:16"}
{"level":"error","message":"Localization file for ge not found: C:\\Users\\Brissenden\\Documents\\programs and projects\\work projects\\bot\\locales\\ge.json","service":"user-service","timestamp":"2024-07-19 13:39:16"}
{"level":"error","message":"Localization file for md not found: C:\\Users\\Brissenden\\Documents\\programs and projects\\work projects\\bot\\locales\\md.json","service":"user-service","timestamp":"2024-07-19 13:39:16"}
{"level":"error","message":"Localization file for tm not found: C:\\Users\\Brissenden\\Documents\\programs and projects\\work projects\\bot\\locales\\tm.json","service":"user-service","timestamp":"2024-07-19 13:39:16"}
{"level":"error","message":"Localization file for uz not found: C:\\Users\\Brissenden\\Documents\\programs and projects\\work projects\\bot\\locales\\uz.json","service":"user-service","timestamp":"2024-07-19 13:39:16"}
{"level":"error","message":"Localization file for kg not found: C:\\Users\\Brissenden\\Documents\\programs and projects\\work projects\\bot\\locales\\kg.json","service":"user-service","timestamp":"2024-07-19 13:39:16"}
{"level":"error","message":"Localization file for tj not found: C:\\Users\\Brissenden\\Documents\\programs and projects\\work projects\\bot\\locales\\tj.json","service":"user-service","timestamp":"2024-07-19 13:39:16"}
{"level":"error","message":"Localization file for tr not found: C:\\Users\\Brissenden\\Documents\\programs and projects\\work projects\\bot\\locales\\tr.json","service":"user-service","timestamp":"2024-07-19 13:39:16"}
{"level":"error","message":"Localization file for en not found: C:\\Users\\Brissenden\\Documents\\programs and projects\\work projects\\bot\\locales\\en.json","service":"user-service","timestamp":"2024-07-19 13:42:48"}
{"level":"error","message":"Localization file for uk not found: C:\\Users\\Brissenden\\Documents\\programs and projects\\work projects\\bot\\locales\\uk.json","service":"user-service","timestamp":"2024-07-19 13:42:48"}
{"level":"error","message":"Localization file for az not found: C:\\Users\\Brissenden\\Documents\\programs and projects\\work projects\\bot\\locales\\az.json","service":"user-service","timestamp":"2024-07-19 13:42:48"}
{"level":"error","message":"Localization file for ru not found: C:\\Users\\Brissenden\\Documents\\programs and projects\\work projects\\bot\\locales\\ru.json","service":"user-service","timestamp":"2024-07-19 13:42:48"}
{"level":"error","message":"Localization file for by not found: C:\\Users\\Brissenden\\Documents\\programs and projects\\work projects\\bot\\locales\\by.json","service":"user-service","timestamp":"2024-07-19 13:42:48"}
{"level":"error","message":"Localization file for kz not found: C:\\Users\\Brissenden\\Documents\\programs and projects\\work projects\\bot\\locales\\kz.json","service":"user-service","timestamp":"2024-07-19 13:42:48"}
{"level":"error","message":"Localization file for am not found: C:\\Users\\Brissenden\\Documents\\programs and projects\\work projects\\bot\\locales\\am.json","service":"user-service","timestamp":"2024-07-19 13:42:48"}
{"level":"error","message":"Localization file for ge not found: C:\\Users\\Brissenden\\Documents\\programs and projects\\work projects\\bot\\locales\\ge.json","service":"user-service","timestamp":"2024-07-19 13:42:48"}
{"level":"error","message":"Localization file for md not found: C:\\Users\\Brissenden\\Documents\\programs and projects\\work projects\\bot\\locales\\md.json","service":"user-service","timestamp":"2024-07-19 13:42:48"}
{"level":"error","message":"Localization file for tm not found: C:\\Users\\Brissenden\\Documents\\programs and projects\\work projects\\bot\\locales\\tm.json","service":"user-service","timestamp":"2024-07-19 13:42:48"}
{"level":"error","message":"Localization file for uz not found: C:\\Users\\Brissenden\\Documents\\programs and projects\\work projects\\bot\\locales\\uz.json","service":"user-service","timestamp":"2024-07-19 13:42:48"}
{"level":"error","message":"Localization file for kg not found: C:\\Users\\Brissenden\\Documents\\programs and projects\\work projects\\bot\\locales\\kg.json","service":"user-service","timestamp":"2024-07-19 13:42:48"}
{"level":"error","message":"Localization file for tj not found: C:\\Users\\Brissenden\\Documents\\programs and projects\\work projects\\bot\\locales\\tj.json","service":"user-service","timestamp":"2024-07-19 13:42:48"}
{"level":"error","message":"Localization file for tr not found: C:\\Users\\Brissenden\\Documents\\programs and projects\\work projects\\bot\\locales\\tr.json","service":"user-service","timestamp":"2024-07-19 13:42:48"}
{"level":"error","message":"Localization file for en not found: C:\\Users\\Brissenden\\Documents\\programs and projects\\work projects\\bot\\locales\\en.json","service":"user-service","timestamp":"2024-07-19 13:48:36"}
{"level":"error","message":"Localization file for uk not found: C:\\Users\\Brissenden\\Documents\\programs and projects\\work projects\\bot\\locales\\uk.json","service":"user-service","timestamp":"2024-07-19 13:48:36"}
{"level":"error","message":"Localization file for az not found: C:\\Users\\Brissenden\\Documents\\programs and projects\\work projects\\bot\\locales\\az.json","service":"user-service","timestamp":"2024-07-19 13:48:36"}
{"level":"error","message":"Localization file for ru not found: C:\\Users\\Brissenden\\Documents\\programs and projects\\work projects\\bot\\locales\\ru.json","service":"user-service","timestamp":"2024-07-19 13:48:36"}
{"level":"error","message":"Localization file for by not found: C:\\Users\\Brissenden\\Documents\\programs and projects\\work projects\\bot\\locales\\by.json","service":"user-service","timestamp":"2024-07-19 13:48:36"}
{"level":"error","message":"Localization file for kz not found: C:\\Users\\Brissenden\\Documents\\programs and projects\\work projects\\bot\\locales\\kz.json","service":"user-service","timestamp":"2024-07-19 13:48:36"}
{"level":"error","message":"Localization file for am not found: C:\\Users\\Brissenden\\Documents\\programs and projects\\work projects\\bot\\locales\\am.json","service":"user-service","timestamp":"2024-07-19 13:48:36"}
{"level":"error","message":"Localization file for ge not found: C:\\Users\\Brissenden\\Documents\\programs and projects\\work projects\\bot\\locales\\ge.json","service":"user-service","timestamp":"2024-07-19 13:48:36"}
{"level":"error","message":"Localization file for md not found: C:\\Users\\Brissenden\\Documents\\programs and projects\\work projects\\bot\\locales\\md.json","service":"user-service","timestamp":"2024-07-19 13:48:36"}
{"level":"error","message":"Localization file for tm not found: C:\\Users\\Brissenden\\Documents\\programs and projects\\work projects\\bot\\locales\\tm.json","service":"user-service","timestamp":"2024-07-19 13:48:36"}
{"level":"error","message":"Localization file for uz not found: C:\\Users\\Brissenden\\Documents\\programs and projects\\work projects\\bot\\locales\\uz.json","service":"user-service","timestamp":"2024-07-19 13:48:36"}
{"level":"error","message":"Localization file for kg not found: C:\\Users\\Brissenden\\Documents\\programs and projects\\work projects\\bot\\locales\\kg.json","service":"user-service","timestamp":"2024-07-19 13:48:36"}
{"level":"error","message":"Localization file for tj not found: C:\\Users\\Brissenden\\Documents\\programs and projects\\work projects\\bot\\locales\\tj.json","service":"user-service","timestamp":"2024-07-19 13:48:36"}
{"level":"error","message":"Localization file for tr not found: C:\\Users\\Brissenden\\Documents\\programs and projects\\work projects\\bot\\locales\\tr.json","service":"user-service","timestamp":"2024-07-19 13:48:36"}
{"level":"error","message":"Error sending confirmation message: Network request for 'sendMessage' failed!","service":"user-service","timestamp":"2024-07-19 14:52:34"}
